21:21:12,130  INFO Version:46 - HHH000412: Hibernate Core {5.3.7.Final}
21:21:12,134  INFO Environment:213 - HHH000206: hibernate.properties not found
21:21:12,288  WARN deprecation:91 - HHH90000012: Recognized obsolete hibernate namespace http://hibernate.sourceforge.net/hibernate-configuration. Use namespace http://www.hibernate.org/dtd/hibernate-configuration instead.  Support for obsolete DTD/XSD namespaces may be removed at any time.
21:21:12,434  INFO Version:49 - HCANN000001: Hibernate Commons Annotations {5.0.4.Final}
21:21:12,478 DEBUG BasicTypeRegistry:156 - Adding type registration boolean -> org.hibernate.type.BooleanType@52e6fdee
21:21:12,479 DEBUG BasicTypeRegistry:156 - Adding type registration boolean -> org.hibernate.type.BooleanType@52e6fdee
21:21:12,479 DEBUG BasicTypeRegistry:156 - Adding type registration java.lang.Boolean -> org.hibernate.type.BooleanType@52e6fdee
21:21:12,479 DEBUG BasicTypeRegistry:156 - Adding type registration numeric_boolean -> org.hibernate.type.NumericBooleanType@5fdcaa40
21:21:12,480 DEBUG BasicTypeRegistry:156 - Adding type registration true_false -> org.hibernate.type.TrueFalseType@8dbdac1
21:21:12,480 DEBUG BasicTypeRegistry:156 - Adding type registration yes_no -> org.hibernate.type.YesNoType@6aba2b86
21:21:12,481 DEBUG BasicTypeRegistry:156 - Adding type registration byte -> org.hibernate.type.ByteType@661972b0
21:21:12,482 DEBUG BasicTypeRegistry:156 - Adding type registration byte -> org.hibernate.type.ByteType@661972b0
21:21:12,482 DEBUG BasicTypeRegistry:156 - Adding type registration java.lang.Byte -> org.hibernate.type.ByteType@661972b0
21:21:12,483 DEBUG BasicTypeRegistry:156 - Adding type registration character -> org.hibernate.type.CharacterType@6356695f
21:21:12,483 DEBUG BasicTypeRegistry:156 - Adding type registration char -> org.hibernate.type.CharacterType@6356695f
21:21:12,483 DEBUG BasicTypeRegistry:156 - Adding type registration java.lang.Character -> org.hibernate.type.CharacterType@6356695f
21:21:12,485 DEBUG BasicTypeRegistry:156 - Adding type registration short -> org.hibernate.type.ShortType@3e58a80e
21:21:12,485 DEBUG BasicTypeRegistry:156 - Adding type registration short -> org.hibernate.type.ShortType@3e58a80e
21:21:12,485 DEBUG BasicTypeRegistry:156 - Adding type registration java.lang.Short -> org.hibernate.type.ShortType@3e58a80e
21:21:12,487 DEBUG BasicTypeRegistry:156 - Adding type registration integer -> org.hibernate.type.IntegerType@294425a7
21:21:12,487 DEBUG BasicTypeRegistry:156 - Adding type registration int -> org.hibernate.type.IntegerType@294425a7
21:21:12,487 DEBUG BasicTypeRegistry:156 - Adding type registration java.lang.Integer -> org.hibernate.type.IntegerType@294425a7
21:21:12,488 DEBUG BasicTypeRegistry:156 - Adding type registration long -> org.hibernate.type.LongType@5b239d7d
21:21:12,488 DEBUG BasicTypeRegistry:156 - Adding type registration long -> org.hibernate.type.LongType@5b239d7d
21:21:12,488 DEBUG BasicTypeRegistry:156 - Adding type registration java.lang.Long -> org.hibernate.type.LongType@5b239d7d
21:21:12,489 DEBUG BasicTypeRegistry:156 - Adding type registration float -> org.hibernate.type.FloatType@dd8ba08
21:21:12,489 DEBUG BasicTypeRegistry:156 - Adding type registration float -> org.hibernate.type.FloatType@dd8ba08
21:21:12,489 DEBUG BasicTypeRegistry:156 - Adding type registration java.lang.Float -> org.hibernate.type.FloatType@dd8ba08
21:21:12,490 DEBUG BasicTypeRegistry:156 - Adding type registration double -> org.hibernate.type.DoubleType@595b007d
21:21:12,490 DEBUG BasicTypeRegistry:156 - Adding type registration double -> org.hibernate.type.DoubleType@595b007d
21:21:12,491 DEBUG BasicTypeRegistry:156 - Adding type registration java.lang.Double -> org.hibernate.type.DoubleType@595b007d
21:21:12,492 DEBUG BasicTypeRegistry:156 - Adding type registration big_decimal -> org.hibernate.type.BigDecimalType@35cabb2a
21:21:12,492 DEBUG BasicTypeRegistry:156 - Adding type registration java.math.BigDecimal -> org.hibernate.type.BigDecimalType@35cabb2a
21:21:12,493 DEBUG BasicTypeRegistry:156 - Adding type registration big_integer -> org.hibernate.type.BigIntegerType@1d2adfbe
21:21:12,493 DEBUG BasicTypeRegistry:156 - Adding type registration java.math.BigInteger -> org.hibernate.type.BigIntegerType@1d2adfbe
21:21:12,494 DEBUG BasicTypeRegistry:156 - Adding type registration string -> org.hibernate.type.StringType@10e31a9a
21:21:12,494 DEBUG BasicTypeRegistry:156 - Adding type registration java.lang.String -> org.hibernate.type.StringType@10e31a9a
21:21:12,495 DEBUG BasicTypeRegistry:156 - Adding type registration nstring -> org.hibernate.type.StringNVarcharType@57a3af25
21:21:12,495 DEBUG BasicTypeRegistry:156 - Adding type registration ncharacter -> org.hibernate.type.CharacterNCharType@1623b78d
21:21:12,496 DEBUG BasicTypeRegistry:156 - Adding type registration url -> org.hibernate.type.UrlType@49139829
21:21:12,496 DEBUG BasicTypeRegistry:156 - Adding type registration java.net.URL -> org.hibernate.type.UrlType@49139829
21:21:12,497 DEBUG BasicTypeRegistry:156 - Adding type registration Duration -> org.hibernate.type.DurationType@67c27493
21:21:12,497 DEBUG BasicTypeRegistry:156 - Adding type registration java.time.Duration -> org.hibernate.type.DurationType@67c27493
21:21:12,508 DEBUG BasicTypeRegistry:156 - Adding type registration Instant -> org.hibernate.type.InstantType@4c371370
21:21:12,509 DEBUG BasicTypeRegistry:156 - Adding type registration java.time.Instant -> org.hibernate.type.InstantType@4c371370
21:21:12,510 DEBUG BasicTypeRegistry:156 - Adding type registration LocalDateTime -> org.hibernate.type.LocalDateTimeType@6302bbb1
21:21:12,510 DEBUG BasicTypeRegistry:156 - Adding type registration java.time.LocalDateTime -> org.hibernate.type.LocalDateTimeType@6302bbb1
21:21:12,512 DEBUG BasicTypeRegistry:156 - Adding type registration LocalDate -> org.hibernate.type.LocalDateType@128d2484
21:21:12,512 DEBUG BasicTypeRegistry:156 - Adding type registration java.time.LocalDate -> org.hibernate.type.LocalDateType@128d2484
21:21:12,513 DEBUG BasicTypeRegistry:156 - Adding type registration LocalTime -> org.hibernate.type.LocalTimeType@48f2bd5b
21:21:12,513 DEBUG BasicTypeRegistry:156 - Adding type registration java.time.LocalTime -> org.hibernate.type.LocalTimeType@48f2bd5b
21:21:12,514 DEBUG BasicTypeRegistry:156 - Adding type registration OffsetDateTime -> org.hibernate.type.OffsetDateTimeType@3270d194
21:21:12,514 DEBUG BasicTypeRegistry:156 - Adding type registration java.time.OffsetDateTime -> org.hibernate.type.OffsetDateTimeType@3270d194
21:21:12,516 DEBUG BasicTypeRegistry:156 - Adding type registration OffsetTime -> org.hibernate.type.OffsetTimeType@73a1e9a9
21:21:12,516 DEBUG BasicTypeRegistry:156 - Adding type registration java.time.OffsetTime -> org.hibernate.type.OffsetTimeType@73a1e9a9
21:21:12,519 DEBUG BasicTypeRegistry:156 - Adding type registration ZonedDateTime -> org.hibernate.type.ZonedDateTimeType@618b19ad
21:21:12,520 DEBUG BasicTypeRegistry:156 - Adding type registration java.time.ZonedDateTime -> org.hibernate.type.ZonedDateTimeType@618b19ad
21:21:12,521 DEBUG BasicTypeRegistry:156 - Adding type registration date -> org.hibernate.type.DateType@36fc695d
21:21:12,521 DEBUG BasicTypeRegistry:156 - Adding type registration java.sql.Date -> org.hibernate.type.DateType@36fc695d
21:21:12,522 DEBUG BasicTypeRegistry:156 - Adding type registration time -> org.hibernate.type.TimeType@5bf0d49
21:21:12,522 DEBUG BasicTypeRegistry:156 - Adding type registration java.sql.Time -> org.hibernate.type.TimeType@5bf0d49
21:21:12,523 DEBUG BasicTypeRegistry:156 - Adding type registration timestamp -> org.hibernate.type.TimestampType@408d971b
21:21:12,523 DEBUG BasicTypeRegistry:156 - Adding type registration java.sql.Timestamp -> org.hibernate.type.TimestampType@408d971b
21:21:12,524 DEBUG BasicTypeRegistry:156 - Adding type registration java.util.Date -> org.hibernate.type.TimestampType@408d971b
21:21:12,525 DEBUG BasicTypeRegistry:156 - Adding type registration dbtimestamp -> org.hibernate.type.DbTimestampType@22555ebf
21:21:12,526 DEBUG BasicTypeRegistry:156 - Adding type registration calendar -> org.hibernate.type.CalendarType@38425407
21:21:12,527 DEBUG BasicTypeRegistry:156 - Adding type registration java.util.Calendar -> org.hibernate.type.CalendarType@38425407
21:21:12,527 DEBUG BasicTypeRegistry:156 - Adding type registration java.util.GregorianCalendar -> org.hibernate.type.CalendarType@38425407
21:21:12,528 DEBUG BasicTypeRegistry:156 - Adding type registration calendar_date -> org.hibernate.type.CalendarDateType@22ff4249
21:21:12,529 DEBUG BasicTypeRegistry:156 - Adding type registration locale -> org.hibernate.type.LocaleType@4c12331b
21:21:12,529 DEBUG BasicTypeRegistry:156 - Adding type registration java.util.Locale -> org.hibernate.type.LocaleType@4c12331b
21:21:12,530 DEBUG BasicTypeRegistry:156 - Adding type registration currency -> org.hibernate.type.CurrencyType@44c03695
21:21:12,530 DEBUG BasicTypeRegistry:156 - Adding type registration java.util.Currency -> org.hibernate.type.CurrencyType@44c03695
21:21:12,531 DEBUG BasicTypeRegistry:156 - Adding type registration timezone -> org.hibernate.type.TimeZoneType@3fc2959f
21:21:12,531 DEBUG BasicTypeRegistry:156 - Adding type registration java.util.TimeZone -> org.hibernate.type.TimeZoneType@3fc2959f
21:21:12,532 DEBUG BasicTypeRegistry:156 - Adding type registration class -> org.hibernate.type.ClassType@7dcf94f8
21:21:12,532 DEBUG BasicTypeRegistry:156 - Adding type registration java.lang.Class -> org.hibernate.type.ClassType@7dcf94f8
21:21:12,533 DEBUG BasicTypeRegistry:156 - Adding type registration uuid-binary -> org.hibernate.type.UUIDBinaryType@77c2494c
21:21:12,533 DEBUG BasicTypeRegistry:156 - Adding type registration java.util.UUID -> org.hibernate.type.UUIDBinaryType@77c2494c
21:21:12,533 DEBUG BasicTypeRegistry:156 - Adding type registration uuid-char -> org.hibernate.type.UUIDCharType@1e800aaa
21:21:12,534 DEBUG BasicTypeRegistry:156 - Adding type registration binary -> org.hibernate.type.BinaryType@3cd3e762
21:21:12,534 DEBUG BasicTypeRegistry:156 - Adding type registration byte[] -> org.hibernate.type.BinaryType@3cd3e762
21:21:12,535 DEBUG BasicTypeRegistry:156 - Adding type registration [B -> org.hibernate.type.BinaryType@3cd3e762
21:21:12,535 DEBUG BasicTypeRegistry:156 - Adding type registration wrapper-binary -> org.hibernate.type.WrapperBinaryType@15de0b3c
21:21:12,536 DEBUG BasicTypeRegistry:156 - Adding type registration Byte[] -> org.hibernate.type.WrapperBinaryType@15de0b3c
21:21:12,536 DEBUG BasicTypeRegistry:156 - Adding type registration [Ljava.lang.Byte; -> org.hibernate.type.WrapperBinaryType@15de0b3c
21:21:12,537 DEBUG BasicTypeRegistry:156 - Adding type registration row_version -> org.hibernate.type.RowVersionType@4d1c00d0
21:21:12,537 DEBUG BasicTypeRegistry:156 - Adding type registration image -> org.hibernate.type.ImageType@26794848
21:21:12,538 DEBUG BasicTypeRegistry:156 - Adding type registration characters -> org.hibernate.type.CharArrayType@49438269
21:21:12,538 DEBUG BasicTypeRegistry:156 - Adding type registration char[] -> org.hibernate.type.CharArrayType@49438269
21:21:12,538 DEBUG BasicTypeRegistry:156 - Adding type registration [C -> org.hibernate.type.CharArrayType@49438269
21:21:12,539 DEBUG BasicTypeRegistry:156 - Adding type registration wrapper-characters -> org.hibernate.type.CharacterArrayType@24269709
21:21:12,539 DEBUG BasicTypeRegistry:156 - Adding type registration [Ljava.lang.Character; -> org.hibernate.type.CharacterArrayType@24269709
21:21:12,539 DEBUG BasicTypeRegistry:156 - Adding type registration Character[] -> org.hibernate.type.CharacterArrayType@24269709
21:21:12,539 DEBUG BasicTypeRegistry:156 - Adding type registration text -> org.hibernate.type.TextType@279fedbd
21:21:12,540 DEBUG BasicTypeRegistry:156 - Adding type registration ntext -> org.hibernate.type.NTextType@710f4dc7
21:21:12,541 DEBUG BasicTypeRegistry:156 - Adding type registration blob -> org.hibernate.type.BlobType@2362f559
21:21:12,541 DEBUG BasicTypeRegistry:156 - Adding type registration java.sql.Blob -> org.hibernate.type.BlobType@2362f559
21:21:12,542 DEBUG BasicTypeRegistry:156 - Adding type registration materialized_blob -> org.hibernate.type.MaterializedBlobType@544fa968
21:21:12,543 DEBUG BasicTypeRegistry:156 - Adding type registration clob -> org.hibernate.type.ClobType@41a2befb
21:21:12,543 DEBUG BasicTypeRegistry:156 - Adding type registration java.sql.Clob -> org.hibernate.type.ClobType@41a2befb
21:21:12,544 DEBUG BasicTypeRegistry:156 - Adding type registration nclob -> org.hibernate.type.NClobType@37ceb1df
21:21:12,544 DEBUG BasicTypeRegistry:156 - Adding type registration java.sql.NClob -> org.hibernate.type.NClobType@37ceb1df
21:21:12,545 DEBUG BasicTypeRegistry:156 - Adding type registration materialized_clob -> org.hibernate.type.MaterializedClobType@69453e37
21:21:12,545 DEBUG BasicTypeRegistry:156 - Adding type registration materialized_nclob -> org.hibernate.type.MaterializedNClobType@7dc0f706
21:21:12,547 DEBUG BasicTypeRegistry:156 - Adding type registration serializable -> org.hibernate.type.SerializableType@c0c2f8d
21:21:12,550 DEBUG BasicTypeRegistry:156 - Adding type registration object -> org.hibernate.type.ObjectType@58a9760d
21:21:12,550 DEBUG BasicTypeRegistry:156 - Adding type registration java.lang.Object -> org.hibernate.type.ObjectType@58a9760d
21:21:12,551 DEBUG BasicTypeRegistry:156 - Adding type registration imm_date -> org.hibernate.type.AdaptedImmutableType@65d09a04
21:21:12,551 DEBUG BasicTypeRegistry:156 - Adding type registration imm_time -> org.hibernate.type.AdaptedImmutableType@75db5df9
21:21:12,551 DEBUG BasicTypeRegistry:156 - Adding type registration imm_timestamp -> org.hibernate.type.AdaptedImmutableType@1190200a
21:21:12,552 DEBUG BasicTypeRegistry:156 - Adding type registration imm_dbtimestamp -> org.hibernate.type.AdaptedImmutableType@45b4c3a9
21:21:12,552 DEBUG BasicTypeRegistry:156 - Adding type registration imm_calendar -> org.hibernate.type.AdaptedImmutableType@291caca8
21:21:12,552 DEBUG BasicTypeRegistry:156 - Adding type registration imm_calendar_date -> org.hibernate.type.AdaptedImmutableType@5b94b04d
21:21:12,552 DEBUG BasicTypeRegistry:156 - Adding type registration imm_binary -> org.hibernate.type.AdaptedImmutableType@4c39bec8
21:21:12,552 DEBUG BasicTypeRegistry:156 - Adding type registration imm_serializable -> org.hibernate.type.AdaptedImmutableType@7ee8290b
21:21:12,563  WARN deprecation:75 - HHH90000012: Recognized obsolete hibernate namespace http://hibernate.sourceforge.net/hibernate-mapping. Use namespace http://www.hibernate.org/dtd/hibernate-mapping instead.  Support for obsolete DTD/XSD namespaces may be removed at any time.
21:21:13,275  WARN pooling:73 - HHH10001002: Using Hibernate built-in connection pool (not for production use!)
21:21:13,283  INFO pooling:129 - HHH10001005: using driver [com.mysql.cj.jdbc.Driver] at URL [jdbc:mysql://localhost:3306/espark?useSSL=false&allowPublicKeyRetrieval=true&serverTimezone=UTC]
21:21:13,284  INFO pooling:138 - HHH10001001: Connection properties: {user=root, password=****}
21:21:13,284  INFO pooling:143 - HHH10001003: Autocommit mode: false
21:21:13,286  INFO DriverManagerConnectionProviderImpl:281 - HHH000115: Hibernate connection pool size: 20 (min=1)
21:21:13,543  INFO Dialect:157 - HHH000400: Using dialect: org.hibernate.dialect.MySQL5Dialect
21:21:13,612 DEBUG TypeConfiguration$Scope:142 - Scoping TypeConfiguration [org.hibernate.type.spi.TypeConfiguration@4a335fa8] to MetadataBuildingContext [org.hibernate.boot.internal.MetadataBuildingContextRootImpl@3f363cf5]
21:21:13,796 DEBUG TypeConfiguration$Scope:147 - Scoping TypeConfiguration [org.hibernate.type.spi.TypeConfiguration@4a335fa8] to SessionFactoryImpl [org.hibernate.internal.SessionFactoryImpl@65f87a2c]
21:21:14,108  INFO access:47 - HHH10001501: Connection obtained from JdbcConnectionAccess [org.hibernate.engine.jdbc.env.internal.JdbcEnvironmentInitiator$ConnectionProviderJdbcConnectionAccess@61799544] for (non-JTA) DDL execution was not in auto-commit mode; the Connection 'local transaction' will be committed and the Connection will be set into auto-commit mode.
21:21:14,150  INFO access:47 - HHH10001501: Connection obtained from JdbcConnectionAccess [org.hibernate.engine.jdbc.env.internal.JdbcEnvironmentInitiator$ConnectionProviderJdbcConnectionAccess@543e593] for (non-JTA) DDL execution was not in auto-commit mode; the Connection 'local transaction' will be committed and the Connection will be set into auto-commit mode.
21:21:14,169  INFO SchemaCreatorImpl:489 - HHH000476: Executing import script 'org.hibernate.tool.schema.internal.exec.ScriptSourceInputNonExistentImpl@15fa55a6'
21:21:14,174 TRACE TypeConfiguration$Scope:195 - Handling #sessionFactoryCreated from [org.hibernate.internal.SessionFactoryImpl@65f87a2c] for TypeConfiguration
21:21:14,259 TRACE BasicBinder:65 - binding parameter [1] as [INTEGER] - [100]
21:21:14,273 TRACE BasicBinder:65 - binding parameter [1] as [INTEGER] - [101]
21:21:14,279 TRACE BasicBinder:65 - binding parameter [1] as [INTEGER] - [102]
21:21:14,281 TRACE BasicBinder:65 - binding parameter [1] as [INTEGER] - [103]
21:21:14,283 TRACE BasicBinder:65 - binding parameter [1] as [INTEGER] - [104]
21:21:14,289 TRACE BasicBinder:65 - binding parameter [1] as [VARCHAR] - [adarsh]
21:21:14,290 TRACE BasicBinder:65 - binding parameter [2] as [VARCHAR] - [Kumar]
21:21:14,290 TRACE BasicBinder:65 - binding parameter [3] as [VARCHAR] - [Singh]
21:21:14,290 TRACE BasicBinder:65 - binding parameter [4] as [DATE] - [1983-09-13]
21:21:14,292 TRACE BasicBinder:65 - binding parameter [5] as [INTEGER] - [100]
21:21:14,297 TRACE BasicBinder:65 - binding parameter [1] as [VARCHAR] - [amit]
21:21:14,297 TRACE BasicBinder:65 - binding parameter [2] as [VARCHAR] - [Kumar]
21:21:14,298 TRACE BasicBinder:65 - binding parameter [3] as [VARCHAR] - [Singh]
21:21:14,298 TRACE BasicBinder:65 - binding parameter [4] as [DATE] - [1986-01-04]
21:21:14,298 TRACE BasicBinder:65 - binding parameter [5] as [INTEGER] - [101]
21:21:14,301 TRACE BasicBinder:65 - binding parameter [1] as [VARCHAR] - [abhishek]
21:21:14,302 TRACE BasicBinder:65 - binding parameter [2] as [VARCHAR] - [Kumar]
21:21:14,302 TRACE BasicBinder:65 - binding parameter [3] as [VARCHAR] - [Singh]
21:21:14,302 TRACE BasicBinder:65 - binding parameter [4] as [DATE] - [1986-01-05]
21:21:14,302 TRACE BasicBinder:65 - binding parameter [5] as [INTEGER] - [102]
21:21:14,306 TRACE BasicBinder:65 - binding parameter [1] as [VARCHAR] - [amritesh]
21:21:14,306 TRACE BasicBinder:65 - binding parameter [2] as [VARCHAR] - [Kumar]
21:21:14,306 TRACE BasicBinder:65 - binding parameter [3] as [VARCHAR] - [Singh]
21:21:14,306 TRACE BasicBinder:65 - binding parameter [4] as [DATE] - [1983-02-25]
21:21:14,307 TRACE BasicBinder:65 - binding parameter [5] as [INTEGER] - [103]
21:21:14,310 TRACE BasicBinder:65 - binding parameter [1] as [VARCHAR] - [ashok]
21:21:14,311 TRACE BasicBinder:65 - binding parameter [2] as [VARCHAR] - [Kumar]
21:21:14,311 TRACE BasicBinder:65 - binding parameter [3] as [VARCHAR] - [Singh]
21:21:14,311 TRACE BasicBinder:65 - binding parameter [4] as [DATE] - [1984-05-03]
21:21:14,311 TRACE BasicBinder:65 - binding parameter [5] as [INTEGER] - [104]
21:21:14,328 TRACE BasicBinder:65 - binding parameter [1] as [INTEGER] - [100]
21:21:14,334 TRACE BasicExtractor:61 - extracted value ([PersonFi2_0_0_] : [VARCHAR]) - [adarsh]
21:21:14,334 TRACE BasicExtractor:61 - extracted value ([PersonMi3_0_0_] : [VARCHAR]) - [Kumar]
21:21:14,334 TRACE BasicExtractor:61 - extracted value ([PersonLa4_0_0_] : [VARCHAR]) - [Singh]
21:21:14,335 TRACE BasicExtractor:61 - extracted value ([PersonDo5_0_0_] : [DATE]) - [1983-09-12]
21:21:14,340 TRACE BasicBinder:65 - binding parameter [1] as [INTEGER] - [101]
21:21:14,343 TRACE BasicExtractor:61 - extracted value ([PersonFi2_0_0_] : [VARCHAR]) - [amit]
21:21:14,343 TRACE BasicExtractor:61 - extracted value ([PersonMi3_0_0_] : [VARCHAR]) - [Kumar]
21:21:14,343 TRACE BasicExtractor:61 - extracted value ([PersonLa4_0_0_] : [VARCHAR]) - [Singh]
21:21:14,343 TRACE BasicExtractor:61 - extracted value ([PersonDo5_0_0_] : [DATE]) - [1986-01-03]
21:21:14,347 TRACE BasicBinder:65 - binding parameter [1] as [INTEGER] - [102]
21:21:14,349 TRACE BasicExtractor:61 - extracted value ([PersonFi2_0_0_] : [VARCHAR]) - [abhishek]
21:21:14,349 TRACE BasicExtractor:61 - extracted value ([PersonMi3_0_0_] : [VARCHAR]) - [Kumar]
21:21:14,350 TRACE BasicExtractor:61 - extracted value ([PersonLa4_0_0_] : [VARCHAR]) - [Singh]
21:21:14,350 TRACE BasicExtractor:61 - extracted value ([PersonDo5_0_0_] : [DATE]) - [1986-01-04]
21:21:14,353 TRACE BasicBinder:65 - binding parameter [1] as [INTEGER] - [103]
21:21:14,356 TRACE BasicExtractor:61 - extracted value ([PersonFi2_0_0_] : [VARCHAR]) - [amritesh]
21:21:14,356 TRACE BasicExtractor:61 - extracted value ([PersonMi3_0_0_] : [VARCHAR]) - [Kumar]
21:21:14,356 TRACE BasicExtractor:61 - extracted value ([PersonLa4_0_0_] : [VARCHAR]) - [Singh]
21:21:14,356 TRACE BasicExtractor:61 - extracted value ([PersonDo5_0_0_] : [DATE]) - [1983-02-24]
21:21:14,360 TRACE BasicBinder:65 - binding parameter [1] as [INTEGER] - [104]
21:21:14,363 TRACE BasicExtractor:61 - extracted value ([PersonFi2_0_0_] : [VARCHAR]) - [ashok]
21:21:14,363 TRACE BasicExtractor:61 - extracted value ([PersonMi3_0_0_] : [VARCHAR]) - [Kumar]
21:21:14,363 TRACE BasicExtractor:61 - extracted value ([PersonLa4_0_0_] : [VARCHAR]) - [Singh]
21:21:14,363 TRACE BasicExtractor:61 - extracted value ([PersonDo5_0_0_] : [DATE]) - [1984-05-02]
